# JRE version: OpenJDK Runtime Environment (7.0_75-b13) (build 1.7.0_75-b13)
# Java VM: OpenJDK 64-Bit Server VM (24.75-b04 mixed mode linux-amd64 compressed oops)
Heap
 PSYoungGen      total 140288K, used 38738K [0x00000000f5500000, 0x0000000100000000, 0x0000000100000000)
  eden space 103936K, 19% used [0x00000000f5500000,0x00000000f692cb40,0x00000000fba80000)
  from space 36352K, 49% used [0x00000000fdc80000,0x00000000fee27cf0,0x0000000100000000)
  to   space 34816K, 0% used [0x00000000fba80000,0x00000000fba80000,0x00000000fdc80000)
 ParOldGen       total 269824K, used 189478K [0x00000000e0000000, 0x00000000f0780000, 0x00000000f5500000)
  object space 269824K, 70% used [0x00000000e0000000,0x00000000eb909be8,0x00000000f0780000)
 PSPermGen       total 136192K, used 125416K [0x00000000d0000000, 0x00000000d8500000, 0x00000000e0000000)
  object space 136192K, 92% used [0x00000000d0000000,0x00000000d7a7a1d0,0x00000000d8500000)
GC Heap History (10 events):
Event: 5966,756 GC heap before
{Heap before GC invocations=258 (full 46):
 PSYoungGen      total 142336K, used 129396K [0x00000000f5500000, 0x00000000fff80000, 0x0000000100000000)
  eden space 110080K, 100% used [0x00000000f5500000,0x00000000fc080000,0x00000000fc080000)
  from space 32256K, 59% used [0x00000000fc080000,0x00000000fd35d168,0x00000000fe000000)
  to   space 32256K, 0% used [0x00000000fe000000,0x00000000fe000000,0x00000000fff80000)
 ParOldGen       total 269824K, used 189478K [0x00000000e0000000, 0x00000000f0780000, 0x00000000f5500000)
  object space 269824K, 70% used [0x00000000e0000000,0x00000000eb909be8,0x00000000f0780000)
 PSPermGen       total 136192K, used 125215K [0x00000000d0000000, 0x00000000d8500000, 0x00000000e0000000)
  object space 136192K, 91% used [0x00000000d0000000,0x00000000d7a47c10,0x00000000d8500000)
Event: 5966,782 GC heap after
Heap after GC invocations=258 (full 46):
 PSYoungGen      total 141312K, used 15092K [0x00000000f5500000, 0x00000000ffe00000, 0x0000000100000000)
  eden space 110592K, 0% used [0x00000000f5500000,0x00000000f5500000,0x00000000fc100000)
  from space 30720K, 49% used [0x00000000fe000000,0x00000000feebd008,0x00000000ffe00000)
  to   space 31232K, 0% used [0x00000000fc100000,0x00000000fc100000,0x00000000fdf80000)
 ParOldGen       total 269824K, used 189478K [0x00000000e0000000, 0x00000000f0780000, 0x00000000f5500000)
  object space 269824K, 70% used [0x00000000e0000000,0x00000000eb909be8,0x00000000f0780000)
 PSPermGen       total 136192K, used 125215K [0x00000000d0000000, 0x00000000d8500000, 0x00000000e0000000)
  object space 136192K, 91% used [0x00000000d0000000,0x00000000d7a47c10,0x00000000d8500000)
}
Event: 5967,387 GC heap before
{Heap before GC invocations=259 (full 46):
 PSYoungGen      total 141312K, used 125684K [0x00000000f5500000, 0x00000000ffe00000, 0x0000000100000000)
  eden space 110592K, 100% used [0x00000000f5500000,0x00000000fc100000,0x00000000fc100000)
  from space 30720K, 49% used [0x00000000fe000000,0x00000000feebd008,0x00000000ffe00000)
  to   space 31232K, 0% used [0x00000000fc100000,0x00000000fc100000,0x00000000fdf80000)
 ParOldGen       total 269824K, used 189478K [0x00000000e0000000, 0x00000000f0780000, 0x00000000f5500000)
  object space 269824K, 70% used [0x00000000e0000000,0x00000000eb909be8,0x00000000f0780000)
 PSPermGen       total 136192K, used 125240K [0x00000000d0000000, 0x00000000d8500000, 0x00000000e0000000)
  object space 136192K, 91% used [0x00000000d0000000,0x00000000d7a4e008,0x00000000d8500000)
Event: 5967,422 GC heap after
Heap after GC invocations=259 (full 46):
 PSYoungGen      total 141824K, used 24013K [0x00000000f5500000, 0x0000000100000000, 0x0000000100000000)
  eden space 110592K, 0% used [0x00000000f5500000,0x00000000f5500000,0x00000000fc100000)
  from space 31232K, 76% used [0x00000000fc100000,0x00000000fd8734c8,0x00000000fdf80000)
  to   space 33280K, 0% used [0x00000000fdf80000,0x00000000fdf80000,0x0000000100000000)
 ParOldGen       total 269824K, used 189478K [0x00000000e0000000, 0x00000000f0780000, 0x00000000f5500000)
  object space 269824K, 70% used [0x00000000e0000000,0x00000000eb909be8,0x00000000f0780000)
 PSPermGen       total 136192K, used 125240K [0x00000000d0000000, 0x00000000d8500000, 0x00000000e0000000)
  object space 136192K, 91% used [0x00000000d0000000,0x00000000d7a4e008,0x00000000d8500000)
}
Event: 5968,683 GC heap before
{Heap before GC invocations=260 (full 46):
 PSYoungGen      total 141824K, used 134605K [0x00000000f5500000, 0x0000000100000000, 0x0000000100000000)
  eden space 110592K, 100% used [0x00000000f5500000,0x00000000fc100000,0x00000000fc100000)
  from space 31232K, 76% used [0x00000000fc100000,0x00000000fd8734c8,0x00000000fdf80000)
  to   space 33280K, 0% used [0x00000000fdf80000,0x00000000fdf80000,0x0000000100000000)
 ParOldGen       total 269824K, used 189478K [0x00000000e0000000, 0x00000000f0780000, 0x00000000f5500000)
  object space 269824K, 70% used [0x00000000e0000000,0x00000000eb909be8,0x00000000f0780000)
 PSPermGen       total 136192K, used 125300K [0x00000000d0000000, 0x00000000d8500000, 0x00000000e0000000)
  object space 136192K, 92% used [0x00000000d0000000,0x00000000d7a5d0f0,0x00000000d8500000)
Event: 5968,722 GC heap after
Heap after GC invocations=260 (full 46):
 PSYoungGen      total 139776K, used 23105K [0x00000000f5500000, 0x0000000100000000, 0x0000000100000000)
  eden space 106496K, 0% used [0x00000000f5500000,0x00000000f5500000,0x00000000fbd00000)
  from space 33280K, 69% used [0x00000000fdf80000,0x00000000ff6107e8,0x0000000100000000)
  to   space 34304K, 0% used [0x00000000fbd00000,0x00000000fbd00000,0x00000000fde80000)
 ParOldGen       total 269824K, used 189478K [0x00000000e0000000, 0x00000000f0780000, 0x00000000f5500000)
  object space 269824K, 70% used [0x00000000e0000000,0x00000000eb909be8,0x00000000f0780000)
 PSPermGen       total 136192K, used 125300K [0x00000000d0000000, 0x00000000d8500000, 0x00000000e0000000)
  object space 136192K, 92% used [0x00000000d0000000,0x00000000d7a5d0f0,0x00000000d8500000)
}
Event: 5969,847 GC heap before
{Heap before GC invocations=261 (full 46):
 PSYoungGen      total 139776K, used 129601K [0x00000000f5500000, 0x0000000100000000, 0x0000000100000000)
  eden space 106496K, 100% used [0x00000000f5500000,0x00000000fbd00000,0x00000000fbd00000)
  from space 33280K, 69% used [0x00000000fdf80000,0x00000000ff6107e8,0x0000000100000000)
  to   space 34304K, 0% used [0x00000000fbd00000,0x00000000fbd00000,0x00000000fde80000)
 ParOldGen       total 269824K, used 189478K [0x00000000e0000000, 0x00000000f0780000, 0x00000000f5500000)
  object space 269824K, 70% used [0x00000000e0000000,0x00000000eb909be8,0x00000000f0780000)
 PSPermGen       total 136192K, used 125331K [0x00000000d0000000, 0x00000000d8500000, 0x00000000e0000000)
  object space 136192K, 92% used [0x00000000d0000000,0x00000000d7a64da0,0x00000000d8500000)
Event: 5969,877 GC heap after
Heap after GC invocations=261 (full 46):
 PSYoungGen      total 133120K, used 26329K [0x00000000f5500000, 0x0000000100000000, 0x0000000100000000)
  eden space 106496K, 0% used [0x00000000f5500000,0x00000000f5500000,0x00000000fbd00000)
  from space 26624K, 98% used [0x00000000fbd00000,0x00000000fd6b6798,0x00000000fd700000)
  to   space 36352K, 0% used [0x00000000fdc80000,0x00000000fdc80000,0x0000000100000000)
 ParOldGen       total 269824K, used 189478K [0x00000000e0000000, 0x00000000f0780000, 0x00000000f5500000)
  object space 269824K, 70% used [0x00000000e0000000,0x00000000eb909be8,0x00000000f0780000)
 PSPermGen       total 136192K, used 125331K [0x00000000d0000000, 0x00000000d8500000, 0x00000000e0000000)
  object space 136192K, 92% used [0x00000000d0000000,0x00000000d7a64da0,0x00000000d8500000)
}
Event: 5972,918 GC heap before
{Heap before GC invocations=262 (full 46):
 PSYoungGen      total 133120K, used 132825K [0x00000000f5500000, 0x0000000100000000, 0x0000000100000000)
  eden space 106496K, 100% used [0x00000000f5500000,0x00000000fbd00000,0x00000000fbd00000)
  from space 26624K, 98% used [0x00000000fbd00000,0x00000000fd6b6798,0x00000000fd700000)
  to   space 36352K, 0% used [0x00000000fdc80000,0x00000000fdc80000,0x0000000100000000)
 ParOldGen       total 269824K, used 189478K [0x00000000e0000000, 0x00000000f0780000, 0x00000000f5500000)
  object space 269824K, 70% used [0x00000000e0000000,0x00000000eb909be8,0x00000000f0780000)
 PSPermGen       total 136192K, used 125416K [0x00000000d0000000, 0x00000000d8500000, 0x00000000e0000000)
  object space 136192K, 92% used [0x00000000d0000000,0x00000000d7a7a0e8,0x00000000d8500000)
Event: 5972,941 GC heap after
Heap after GC invocations=262 (full 46):
 PSYoungGen      total 140288K, used 18079K [0x00000000f5500000, 0x0000000100000000, 0x0000000100000000)
  eden space 103936K, 0% used [0x00000000f5500000,0x00000000f5500000,0x00000000fba80000)
  from space 36352K, 49% used [0x00000000fdc80000,0x00000000fee27cf0,0x0000000100000000)
  to   space 34816K, 0% used [0x00000000fba80000,0x00000000fba80000,0x00000000fdc80000)
 ParOldGen       total 269824K, used 189478K [0x00000000e0000000, 0x00000000f0780000, 0x00000000f5500000)
  object space 269824K, 70% used [0x00000000e0000000,0x00000000eb909be8,0x00000000f0780000)
 PSPermGen       total 136192K, used 125416K [0x00000000d0000000, 0x00000000d8500000, 0x00000000e0000000)
  object space 136192K, 92% used [0x00000000d0000000,0x00000000d7a7a0e8,0x00000000d8500000)
}

